Command line:
   prac1_top_prac1_top_sch_tb_isim_beh.exe
     -simmode  gui
     -simrunnum  1
     -socket  49829

Mon Oct 24 12:34:50 2022


 Elaboration Time: 0.21875 sec

 Current Memory Usage: 5008.93 Meg

 Total Signals          : 2083
 Total Nets             : 3282
 Total Signal Drivers   : 1011
 Total Blocks           : 650
 Total Primitive Blocks : 519
 Total Processes        : 865
 Total Traceable Variables  : 1296
 Total Scalar Nets and Variables : 10460
Total Line Count : 3624

 Total Simulation Time: 0.3125 sec

 Current Memory Usage: 4851.65 Meg

Mon Oct 24 12:45:20 2022

