Active-HDL 11.1.262.7351 2021-11-01 12:27:55

Elaboration top modules:
Architecture                  control_bcd_bin_arch(control_bcd_bin)


----------------------------------------------------------------------------------------------------------------
Entity          | Architecture         | Library         | Info | Compiler Version        | Compilation Options
----------------------------------------------------------------------------------------------------------------
control_bcd_bin | control_bcd_bin_arch | prac2_factorial |      | 11.1.262.7351 (Windows) | -O3
----------------------------------------------------------------------------------------------------------------

----------------------------------------------------------------------------------------------------------------
VHDL Package                           | Library         | Info | Compiler Version        | Compilation Options
----------------------------------------------------------------------------------------------------------------
standard                               | std             |      |                         | <unavailable>
TEXTIO                                 | std             |      |                         | <unavailable>
std_logic_1164                         | ieee            |      |                         | <unavailable>
std_logic_arith                        | ieee            |      |                         | <unavailable>
STD_LOGIC_UNSIGNED                     | ieee            |      |                         | <unavailable>
----------------------------------------------------------------------------------------------------------------

----------------------------------------------------------------------------------------------------------------
Library                                | Comment
----------------------------------------------------------------------------------------------------------------
ieee                                   | Standard IEEE packages library
prac2_factorial                        | None
std                                    | Standard VHDL library
----------------------------------------------------------------------------------------------------------------
