Active-HDL 13.0.376.8320 2022-11-08 12:30:11

Elaboration top modules:
Architecture                  ctrlfact_arch(ctrlfact)


---------------------------------------------------------------------------------------------
Entity   | Architecture  | Library  | Info | Compiler Version          | Compilation Options
---------------------------------------------------------------------------------------------
ctrlfact | ctrlfact_arch | Design_1 |      | 13.0.376.8320 (Windows64) | -O3
---------------------------------------------------------------------------------------------

---------------------------------------------------------------------------------------------
VHDL Package             | Library  | Info | Compiler Version          | Compilation Options
---------------------------------------------------------------------------------------------
standard                 | std      |      |                           | <unavailable>
TEXTIO                   | std      |      | 13.0.376.8320 (Windows64) |  -2019
std_logic_1164           | ieee     |      | 13.0.376.8320 (Windows64) |  -2008
std_logic_arith          | ieee     |      | 13.0.376.8320 (Windows64) | <unavailable>
STD_LOGIC_UNSIGNED       | ieee     |      | 13.0.376.8320 (Windows64) | <unavailable>
---------------------------------------------------------------------------------------------

---------------------------------------------------------------------------------------------
Library                  | Comment
---------------------------------------------------------------------------------------------
Design_1                 | None
ieee                     | Standard IEEE packages library
std                      | Standard VHDL library
---------------------------------------------------------------------------------------------
