Release 14.7 Map P.20131013 (nt64)
Xilinx Mapping Report File for Design 'prac3_top'

Design Information
------------------
Command Line   : map -intstyle ise -p xc6slx16-csg324-3 -w -logic_opt off -ol
high -t 1 -xt 0 -register_duplication off -r 4 -global_opt off -mt off -detail
-ir off -pr off -lc off -power off -o prac3_top_map.ncd prac3_top.ngd
prac3_top.pcf 
Target Device  : xc6slx16
Target Package : csg324
Target Speed   : -3
Mapper Version : spartan6 -- $Revision: 1.55 $
Mapped Date    : Sat Dec 17 23:31:47 2022

Design Summary
--------------
Number of errors:      0
Number of warnings:    0
Slice Logic Utilization:
  Number of Slice Registers:                   417 out of  18,224    2%
    Number used as Flip Flops:                 417
    Number used as Latches:                      0
    Number used as Latch-thrus:                  0
    Number used as AND/OR logics:                0
  Number of Slice LUTs:                        398 out of   9,112    4%
    Number used as logic:                      374 out of   9,112    4%
      Number using O6 output only:             274
      Number using O5 output only:              48
      Number using O5 and O6:                   52
      Number used as ROM:                        0
    Number used as Memory:                       0 out of   2,176    0%
    Number used exclusively as route-thrus:     24
      Number with same-slice register load:     20
      Number with same-slice carry load:         4
      Number with other load:                    0

Slice Logic Distribution:
  Number of occupied Slices:                   165 out of   2,278    7%
  Number of MUXCYs used:                        96 out of   4,556    2%
  Number of LUT Flip Flop pairs used:          498
    Number with an unused Flip Flop:           124 out of     498   24%
    Number with an unused LUT:                 100 out of     498   20%
    Number of fully used LUT-FF pairs:         274 out of     498   55%
    Number of unique control sets:              38
    Number of slice register sites lost
      to control set restrictions:             103 out of  18,224    1%

  A LUT Flip Flop pair for this architecture represents one LUT paired with
  one Flip Flop within a slice.  A control set is a unique combination of
  clock, reset, set, and enable signals for a registered element.
  The Slice Logic Distribution report is not meaningful if the design is
  over-mapped for a non-slice resource or if Placement fails.

IO Utilization:
  Number of bonded IOBs:                        70 out of     232   30%
    Number of LOCed IOBs:                       70 out of      70  100%
    IOB Flip Flops:                              6

Specific Feature Utilization:
  Number of RAMB16BWERs:                         0 out of      32    0%
  Number of RAMB8BWERs:                          0 out of      64    0%
  Number of BUFIO2/BUFIO2_2CLKs:                 1 out of      32    3%
    Number used as BUFIO2s:                      1
    Number used as BUFIO2_2CLKs:                 0
  Number of BUFIO2FB/BUFIO2FB_2CLKs:             1 out of      32    3%
    Number used as BUFIO2FBs:                    1
    Number used as BUFIO2FB_2CLKs:               0
  Number of BUFG/BUFGMUXs:                       7 out of      16   43%
    Number used as BUFGs:                        7
    Number used as BUFGMUX:                      0
  Number of DCM/DCM_CLKGENs:                     1 out of       4   25%
    Number used as DCMs:                         1
    Number used as DCM_CLKGENs:                  0
  Number of ILOGIC2/ISERDES2s:                   5 out of     248    2%
    Number used as ILOGIC2s:                     5
    Number used as ISERDES2s:                    0
  Number of IODELAY2/IODRP2/IODRP2_MCBs:         0 out of     248    0%
  Number of OLOGIC2/OSERDES2s:                   1 out of     248    1%
    Number used as OLOGIC2s:                     1
    Number used as OSERDES2s:                    0
  Number of BSCANs:                              0 out of       4    0%
  Number of BUFHs:                               0 out of     128    0%
  Number of BUFPLLs:                             0 out of       8    0%
  Number of BUFPLL_MCBs:                         0 out of       4    0%
  Number of DSP48A1s:                            1 out of      32    3%
  Number of ICAPs:                               0 out of       1    0%
  Number of MCBs:                                0 out of       2    0%
  Number of PCILOGICSEs:                         0 out of       2    0%
  Number of PLL_ADVs:                            0 out of       2    0%
  Number of PMVs:                                0 out of       1    0%
  Number of STARTUPs:                            1 out of       1  100%
  Number of SUSPEND_SYNCs:                       0 out of       1    0%

Average Fanout of Non-Clock Nets:                2.99

Peak Memory Usage:  4533 MB
Total REAL time to MAP completion:  8 secs 
Total CPU time to MAP completion:   6 secs 

Table of Contents
-----------------
Section 1 - Errors
Section 2 - Warnings
Section 3 - Informational
Section 4 - Removed Logic Summary
Section 5 - Removed Logic
Section 6 - IOB Properties
Section 7 - RPMs
Section 8 - Guide Report
Section 9 - Area Group and Partition Summary
Section 10 - Timing Report
Section 11 - Configuration String Information
Section 12 - Control Set Information
Section 13 - Utilization by Hierarchy

Section 1 - Errors
------------------

Section 2 - Warnings
--------------------

Section 3 - Informational
-------------------------
INFO:LIT:243 - Logical network sw_pad<7>_IBUF has no load.
INFO:LIT:243 - Logical network sw_pad<6>_IBUF has no load.
INFO:LIT:243 - Logical network sw_pad<5>_IBUF has no load.
INFO:LIT:243 - Logical network sw_pad<4>_IBUF has no load.
INFO:LIT:243 - Logical network sw_pad<3>_IBUF has no load.
INFO:LIT:243 - Logical network sw_pad<2>_IBUF has no load.
INFO:LIT:243 - Logical network sw_pad<1>_IBUF has no load.
INFO:LIT:243 - Logical network boton_aba_pad_IBUF has no load.
INFO:LIT:243 - Logical network boton_arr_pad_IBUF has no load.
INFO:LIT:243 - Logical network boton_der_pad_IBUF has no load.
INFO:LIT:243 - Logical network boton_izq_pad_IBUF has no load.
INFO:LIT:243 - Logical network uart_rx_pad_IBUF has no load.
INFO:MapLib:562 - No environment variables are currently set.
INFO:LIT:244 - All of the single ended outputs in this design are using slew
   rate limited output drivers. The delay on speed critical single ended outputs
   can be dramatically reduced by designating them as fast outputs.
INFO:Pack:1716 - Initializing temperature to 85.000 Celsius. (default - Range:
   0.000 to 85.000 Celsius)
INFO:Pack:1720 - Initializing voltage to 1.140 Volts. (default - Range: 1.140 to
   1.260 Volts)
INFO:Map:215 - The Interim Design Summary has been generated in the MAP Report
   (.mrp).
INFO:Pack:1650 - Map created a placed design.
INFO:PhysDesignRules:1861 - To achieve optimal frequency synthesis performance
   with the CLKFX and CLKFX180 outputs of the DCM comp XLXI_306/dcm_sp_inst,
   consult the device Data Sheet.

Section 4 - Removed Logic Summary
---------------------------------
  52 block(s) removed
  58 block(s) optimized away
  59 signal(s) removed
  94 Block(s) redundant

Section 5 - Removed Logic
-------------------------

The trimmed logic report below shows the logic removed from your design due to
sourceless or loadless signals, and VCC or ground connections.  If the removal
of a signal or symbol results in the subsequent removal of an additional signal
or symbol, the message explaining that second removal will be indented.  This
indentation will be repeated as a chain of related logic is removed.

To quickly locate the original cause for the removal of a chain of logic, look
above the place where that logic is listed in the trimming report, then locate
the lines that are least indented (begin at the leftmost edge).

Loadless block "XLXI_872/XLXI_3/XLXI_45" (FF) removed.
 The signal "XLXI_872/XLXI_3/ce_letra_b" is loadless and has been removed.
  Loadless block "XLXI_872/XLXI_3/XLXI_44" (AND) removed.
   The signal "XLXI_872/XLXI_3/XLXN_181" is loadless and has been removed.
    Loadless block "XLXI_872/XLXI_3/XLXI_43/EQ1" (ROM) removed.
Loadless block "XLXI_872/XLXI_49/XLXI_122_16" (FF) removed.
 The signal "XLXI_872/XLXI_49/bcd_tmp4<0>" is loadless and has been removed.
  Loadless block "XLXI_872/XLXI_49/XLXI_93/XLXI_41" (SFF) removed.
   The signal "XLXI_872/XLXI_49/XLXI_93/init" is loadless and has been removed.
    Loadless block "XLXI_872/XLXI_49/XLXI_93/XLXI_56" (BUF) removed.
Loadless block "XLXI_872/XLXI_49/XLXI_122_17" (FF) removed.
 The signal "XLXI_872/XLXI_49/bcd_tmp4<1>" is loadless and has been removed.
  Loadless block "XLXI_872/XLXI_49/XLXI_93/XLXI_40" (SFF) removed.
   The signal "XLXI_872/XLXI_49/XLXI_93/XLXN_8" is loadless and has been removed.
    Loadless block "XLXI_872/XLXI_49/XLXI_93/XLXI_30/Mmux_O11" (ROM) removed.
     The signal "XLXI_872/XLXI_49/XLXI_93/mod_out_DUMMY" is loadless and has been
removed.
      Loadless block "XLXI_872/XLXI_49/XLXI_93/XLXI_8" (AND) removed.
       The signal "XLXI_872/XLXI_49/XLXI_93/XLXN_42" is loadless and has been removed.
        Loadless block "XLXI_872/XLXI_49/XLXI_93/XLXI_53/GT11" (ROM) removed.
         The signal "XLXI_872/XLXI_49/bcd_tmp4<2>" is loadless and has been removed.
          Loadless block "XLXI_872/XLXI_49/XLXI_93/XLXI_39" (SFF) removed.
           The signal "XLXI_872/XLXI_49/XLXI_93/XLXN_7" is loadless and has been removed.
            Loadless block "XLXI_872/XLXI_49/XLXI_93/XLXI_13/Mmux_O11" (ROM) removed.
             The signal "XLXI_872/XLXI_49/XLXI_93/XLXN_49" is loadless and has been removed.
              Loadless block "XLXI_872/XLXI_49/XLXI_93/XLXI_10" (XOR) removed.
         The signal "XLXI_872/XLXI_49/bcd_tmp4<3>" is loadless and has been removed.
          Loadless block "XLXI_872/XLXI_49/XLXI_93/XLXI_38" (SFF) removed.
           The signal "XLXI_872/XLXI_49/XLXI_93/XLXN_6" is loadless and has been removed.
            Loadless block "XLXI_872/XLXI_49/XLXI_93/XLXI_12/Mmux_O11" (ROM) removed.
             The signal "XLXI_872/XLXI_49/XLXI_93/XLXN_48" is loadless and has been removed.
              Loadless block "XLXI_872/XLXI_49/XLXI_93/XLXI_9" (AND) removed.
     The signal "XLXI_872/XLXI_49/XLXI_93/XLXN_50" is loadless and has been removed.
      Loadless block "XLXI_872/XLXI_49/XLXI_93/XLXI_11" (BUF) removed.
Loadless block "XLXI_872/XLXI_49/XLXI_122_18" (FF) removed.
Loadless block "XLXI_872/XLXI_49/XLXI_122_19" (FF) removed.
Loadless block "XLXI_872/XLXI_51/XLXI_122_16" (FF) removed.
 The signal "XLXI_872/XLXI_51/bcd_tmp4<0>" is loadless and has been removed.
  Loadless block "XLXI_872/XLXI_51/XLXI_93/XLXI_41" (SFF) removed.
   The signal "XLXI_872/XLXI_51/XLXI_93/init" is loadless and has been removed.
    Loadless block "XLXI_872/XLXI_51/XLXI_93/XLXI_56" (BUF) removed.
Loadless block "XLXI_872/XLXI_51/XLXI_122_17" (FF) removed.
 The signal "XLXI_872/XLXI_51/bcd_tmp4<1>" is loadless and has been removed.
  Loadless block "XLXI_872/XLXI_51/XLXI_93/XLXI_40" (SFF) removed.
   The signal "XLXI_872/XLXI_51/XLXI_93/XLXN_8" is loadless and has been removed.
    Loadless block "XLXI_872/XLXI_51/XLXI_93/XLXI_30/Mmux_O11" (ROM) removed.
     The signal "XLXI_872/XLXI_51/XLXI_93/mod_out_DUMMY" is loadless and has been
removed.
      Loadless block "XLXI_872/XLXI_51/XLXI_93/XLXI_8" (AND) removed.
       The signal "XLXI_872/XLXI_51/XLXI_93/XLXN_42" is loadless and has been removed.
        Loadless block "XLXI_872/XLXI_51/XLXI_93/XLXI_53/GT11" (ROM) removed.
         The signal "XLXI_872/XLXI_51/bcd_tmp4<2>" is loadless and has been removed.
          Loadless block "XLXI_872/XLXI_51/XLXI_93/XLXI_39" (SFF) removed.
           The signal "XLXI_872/XLXI_51/XLXI_93/XLXN_7" is loadless and has been removed.
            Loadless block "XLXI_872/XLXI_51/XLXI_93/XLXI_13/Mmux_O11" (ROM) removed.
             The signal "XLXI_872/XLXI_51/XLXI_93/XLXN_49" is loadless and has been removed.
              Loadless block "XLXI_872/XLXI_51/XLXI_93/XLXI_10" (XOR) removed.
         The signal "XLXI_872/XLXI_51/bcd_tmp4<3>" is loadless and has been removed.
          Loadless block "XLXI_872/XLXI_51/XLXI_93/XLXI_38" (SFF) removed.
           The signal "XLXI_872/XLXI_51/XLXI_93/XLXN_6" is loadless and has been removed.
            Loadless block "XLXI_872/XLXI_51/XLXI_93/XLXI_12/Mmux_O11" (ROM) removed.
             The signal "XLXI_872/XLXI_51/XLXI_93/XLXN_48" is loadless and has been removed.
              Loadless block "XLXI_872/XLXI_51/XLXI_93/XLXI_9" (AND) removed.
     The signal "XLXI_872/XLXI_51/XLXI_93/XLXN_50" is loadless and has been removed.
      Loadless block "XLXI_872/XLXI_51/XLXI_93/XLXI_11" (BUF) removed.
Loadless block "XLXI_872/XLXI_51/XLXI_122_18" (FF) removed.
Loadless block "XLXI_872/XLXI_51/XLXI_122_19" (FF) removed.
Loadless block "XLXI_872/XLXI_64/XLXI_85" (FF) removed.
Loadless block "XLXI_874/XLXI_26" (AND) removed.
 The signal "XLXI_874/anodo_DUMMY<3>" is loadless and has been removed.
  Loadless block "XLXI_874/XLXI_32" (SFF) removed.
   The signal "XLXI_874/anodo_DUMMY<2>" is loadless and has been removed.
    Loadless block "XLXI_874/XLXI_31" (SFF) removed.
     The signal "XLXI_874/anodo_DUMMY<1>" is loadless and has been removed.
      Loadless block "XLXI_874/XLXI_30" (SFF) removed.
       The signal "XLXI_874/anodo_DUMMY<0>" is loadless and has been removed.
        Loadless block "XLXI_874/XLXI_7" (FF) removed.
Loadless block "XLXI_874/XLXI_27" (AND) removed.
The signal "XLXI_309/q<15>" is sourceless and has been removed.
 Sourceless block "XLXI_309/blk00000001/blk00000020" (XOR) removed.
  The signal "XLXI_309/blk00000001/sig00000024" is sourceless and has been
removed.
   Sourceless block "XLXI_309/blk00000001/blk00000023" (SFF) removed.
The signal "XLXI_309/q<14>" is sourceless and has been removed.
 Sourceless block "XLXI_309/blk00000001/blk00000033" (ROM) removed.
  The signal "XLXI_309/blk00000001/sig00000035" is sourceless and has been
removed.
   Sourceless block "XLXI_309/blk00000001/blk00000004" (XOR) removed.
    The signal "XLXI_309/blk00000001/sig00000023" is sourceless and has been
removed.
     Sourceless block "XLXI_309/blk00000001/blk00000024" (SFF) removed.
   Sourceless block "XLXI_309/blk00000001/blk00000005" (MUX) removed.
    The signal "XLXI_309/blk00000001/sig00000025" is sourceless and has been
removed.
The signal "XLXI_309/blk00000001/sig00000026" is sourceless and has been
removed.

The trimmed logic reported below is either:
   1. part of a cycle
   2. part of disabled logic
   3. a side-effect of other trimmed logic

The signal "XLXI_872/XLXI_51/bin_serie_msb" is unused and has been removed.
The signal "XLXI_872/XLXI_51/XLXI_123/XLXN_28<15>" is unused and has been
removed.
The signal "XLXI_872/XLXI_51/XLXI_123/XLXN_28<14>" is unused and has been
removed.
The signal "XLXI_872/XLXI_51/XLXI_123/XLXN_28<13>" is unused and has been
removed.
The signal "XLXI_872/XLXI_51/XLXI_123/XLXN_28<12>" is unused and has been
removed.
The signal "XLXI_872/XLXI_51/XLXI_123/XLXN_28<11>" is unused and has been
removed.
The signal "XLXI_872/XLXI_51/XLXI_123/XLXN_28<10>" is unused and has been
removed.
The signal "XLXI_872/XLXI_51/XLXI_123/XLXN_28<9>" is unused and has been
removed.
The signal "XLXI_872/XLXI_51/XLXI_123/XLXN_28<8>" is unused and has been
removed.
The signal "XLXI_872/XLXI_51/XLXI_123/XLXN_28<7>" is unused and has been
removed.
The signal "XLXI_872/XLXI_51/XLXI_123/XLXN_28<6>" is unused and has been
removed.
The signal "XLXI_872/XLXI_51/XLXI_123/XLXN_28<5>" is unused and has been
removed.
The signal "XLXI_872/XLXI_51/XLXI_123/XLXN_28<4>" is unused and has been
removed.
The signal "XLXI_872/XLXI_51/XLXI_123/XLXN_28<3>" is unused and has been
removed.
The signal "XLXI_872/XLXI_51/XLXI_123/XLXN_28<2>" is unused and has been
removed.
The signal "XLXI_872/XLXI_51/XLXI_123/XLXN_28<1>" is unused and has been
removed.
The signal "XLXI_872/XLXI_51/XLXI_123/XLXN_28<0>" is unused and has been
removed.
The signal "XLXI_872/XLXI_51/XLXI_123/ce_total" is unused and has been removed.
 Unused block "XLXI_872/XLXI_51/XLXI_123/XLXI_19" (OR) removed.
The signal "XLXI_872/XLXI_60/punto_decimal_tmp<1>" is unused and has been
removed.
The signal "XLXI_872/XLXI_60/punto_decimal_tmp<4>" is unused and has been
removed.
Unused block "XLXI_309/blk00000001/blk00000007" (MUX) removed.

Optimized Block(s):
TYPE 		BLOCK
VCC 		XLXI_1/XLXI_1/XLXI_3/blk00000001/blk00000002
GND 		XLXI_1/XLXI_1/XLXI_3/blk00000001/blk00000003
GND 		XLXI_165/XST_GND
GND 		XLXI_288_1/XST_GND
GND 		XLXI_288_2/XST_GND
GND 		XLXI_288_3/XST_GND
GND 		XLXI_288_4/XST_GND
VCC 		XLXI_309/blk00000001/blk00000002
GND 		XLXI_309/blk00000001/blk00000003
GND 		XLXI_35/XST_GND
VCC 		XLXI_866
GND 		XLXI_871_6
VCC 		XLXI_872/XLXI_42/XLXI_31/blk00000001/blk00000002
GND 		XLXI_872/XLXI_42/XLXI_31/blk00000001/blk00000003
INV 		XLXI_872/XLXI_51/XLXI_1/XLXI_11
FDR 		XLXI_872/XLXI_51/XLXI_1/XLXI_41
   optimized to 0
AND2 		XLXI_872/XLXI_51/XLXI_1/XLXI_9
FDE 		XLXI_872/XLXI_51/XLXI_122_0
   optimized to 0
FDRE 		XLXI_872/XLXI_51/XLXI_123/XLXI_1_0
   optimized to 0
FDRE 		XLXI_872/XLXI_51/XLXI_123/XLXI_1_1
   optimized to 0
FDRE 		XLXI_872/XLXI_51/XLXI_123/XLXI_1_10
   optimized to 0
FDRE 		XLXI_872/XLXI_51/XLXI_123/XLXI_1_11
   optimized to 0
FDRE 		XLXI_872/XLXI_51/XLXI_123/XLXI_1_12
   optimized to 0
FDRE 		XLXI_872/XLXI_51/XLXI_123/XLXI_1_13
   optimized to 0
FDRE 		XLXI_872/XLXI_51/XLXI_123/XLXI_1_14
   optimized to 0
FDRE 		XLXI_872/XLXI_51/XLXI_123/XLXI_1_15
   optimized to 0
FDRE 		XLXI_872/XLXI_51/XLXI_123/XLXI_1_2
   optimized to 0
FDRE 		XLXI_872/XLXI_51/XLXI_123/XLXI_1_3
   optimized to 0
FDRE 		XLXI_872/XLXI_51/XLXI_123/XLXI_1_4
   optimized to 0
FDRE 		XLXI_872/XLXI_51/XLXI_123/XLXI_1_5
   optimized to 0
FDRE 		XLXI_872/XLXI_51/XLXI_123/XLXI_1_6
   optimized to 0
FDRE 		XLXI_872/XLXI_51/XLXI_123/XLXI_1_7
   optimized to 0
FDRE 		XLXI_872/XLXI_51/XLXI_123/XLXI_1_8
   optimized to 0
FDRE 		XLXI_872/XLXI_51/XLXI_123/XLXI_1_9
   optimized to 0
GND 		XLXI_872/XLXI_51/XLXI_123/XLXI_2_0/XST_GND
LUT2 		XLXI_872/XLXI_51/XLXI_123/XLXI_2_1/Mmux_O11
   optimized to 0
LUT2 		XLXI_872/XLXI_51/XLXI_123/XLXI_2_10/Mmux_O11
   optimized to 0
LUT2 		XLXI_872/XLXI_51/XLXI_123/XLXI_2_11/Mmux_O11
   optimized to 0
LUT2 		XLXI_872/XLXI_51/XLXI_123/XLXI_2_12/Mmux_O11
   optimized to 0
LUT2 		XLXI_872/XLXI_51/XLXI_123/XLXI_2_13/Mmux_O11
   optimized to 0
LUT2 		XLXI_872/XLXI_51/XLXI_123/XLXI_2_14/Mmux_O11
   optimized to 0
LUT2 		XLXI_872/XLXI_51/XLXI_123/XLXI_2_15/Mmux_O11
   optimized to 0
LUT2 		XLXI_872/XLXI_51/XLXI_123/XLXI_2_2/Mmux_O11
   optimized to 0
LUT2 		XLXI_872/XLXI_51/XLXI_123/XLXI_2_3/Mmux_O11
   optimized to 0
LUT2 		XLXI_872/XLXI_51/XLXI_123/XLXI_2_4/Mmux_O11
   optimized to 0
LUT2 		XLXI_872/XLXI_51/XLXI_123/XLXI_2_5/Mmux_O11
   optimized to 0
LUT2 		XLXI_872/XLXI_51/XLXI_123/XLXI_2_6/Mmux_O11
   optimized to 0
LUT2 		XLXI_872/XLXI_51/XLXI_123/XLXI_2_7/Mmux_O11
   optimized to 0
LUT2 		XLXI_872/XLXI_51/XLXI_123/XLXI_2_8/Mmux_O11
   optimized to 0
LUT2 		XLXI_872/XLXI_51/XLXI_123/XLXI_2_9/Mmux_O11
   optimized to 0
BUF 		XLXI_872/XLXI_51/XLXI_123/XLXI_6
FD 		XLXI_872/XLXI_60/XLXI_178_0
   optimized to 0
FD 		XLXI_872/XLXI_60/XLXI_178_3
   optimized to 0
BUF 		XLXI_872/XLXI_60/XLXI_200
BUF 		XLXI_872/XLXI_60/XLXI_201
LUT3 		XLXI_872/XLXI_67/XLXI_1/blk00000001/blk00000037
   optimized to 1
BUF 		XLXI_874/XLXI_46
BUF 		XLXI_874/XLXI_49

Redundant Block(s):
TYPE 		BLOCK
INV 		XLXI_304
BUF 		XLXI_872/XLXI_49/XLXI_123/XLXI_6
INV 		XLXI_872/XLXI_49/XLXI_92/XLXI_11
INV 		XLXI_872/XLXI_49/XLXI_3/XLXI_11
INV 		XLXI_872/XLXI_49/XLXI_2/XLXI_11
INV 		XLXI_872/XLXI_49/XLXI_1/XLXI_11
INV 		XLXI_872/XLXI_51/XLXI_92/XLXI_11
INV 		XLXI_872/XLXI_51/XLXI_3/XLXI_11
INV 		XLXI_872/XLXI_51/XLXI_2/XLXI_11
BUF 		XLXI_872/XLXI_60/XLXI_177
INV 		XLXI_874/XLXI_53_6
INV 		XLXI_874/XLXI_53_5
INV 		XLXI_874/XLXI_53_4
INV 		XLXI_874/XLXI_53_3
INV 		XLXI_874/XLXI_53_2
INV 		XLXI_874/XLXI_53_1
INV 		XLXI_874/XLXI_53_0
INV 		XLXI_874/XLXI_50_6
INV 		XLXI_874/XLXI_50_5
INV 		XLXI_874/XLXI_50_4
INV 		XLXI_874/XLXI_50_3
INV 		XLXI_874/XLXI_50_2
INV 		XLXI_874/XLXI_50_1
INV 		XLXI_874/XLXI_50_0
INV 		XLXI_874/XLXI_52_6
INV 		XLXI_874/XLXI_52_5
INV 		XLXI_874/XLXI_52_4
INV 		XLXI_874/XLXI_52_3
INV 		XLXI_874/XLXI_52_2
INV 		XLXI_874/XLXI_52_1
INV 		XLXI_874/XLXI_52_0
INV 		XLXI_874/XLXI_51_6
INV 		XLXI_874/XLXI_51_5
INV 		XLXI_874/XLXI_51_4
INV 		XLXI_874/XLXI_51_3
INV 		XLXI_874/XLXI_51_2
INV 		XLXI_874/XLXI_51_1
INV 		XLXI_874/XLXI_51_0
BUF 		XLXI_874/XLXI_48
BUF 		XLXI_874/XLXI_47
LUT1 		XLXI_865/Mcount_cnt_cy<15>_rt
LUT1 		XLXI_865/Mcount_cnt_cy<14>_rt
LUT1 		XLXI_865/Mcount_cnt_cy<13>_rt
LUT1 		XLXI_865/Mcount_cnt_cy<12>_rt
LUT1 		XLXI_865/Mcount_cnt_cy<11>_rt
LUT1 		XLXI_865/Mcount_cnt_cy<10>_rt
LUT1 		XLXI_865/Mcount_cnt_cy<9>_rt
LUT1 		XLXI_865/Mcount_cnt_cy<8>_rt
LUT1 		XLXI_865/Mcount_cnt_cy<7>_rt
LUT1 		XLXI_865/Mcount_cnt_cy<6>_rt
LUT1 		XLXI_865/Mcount_cnt_cy<5>_rt
LUT1 		XLXI_865/Mcount_cnt_cy<4>_rt
LUT1 		XLXI_865/Mcount_cnt_cy<3>_rt
LUT1 		XLXI_865/Mcount_cnt_cy<2>_rt
LUT1 		XLXI_865/Mcount_cnt_cy<1>_rt
LUT1 		XLXI_865/U1/Mcount_counter_cy<20>_rt
LUT1 		XLXI_865/U1/Mcount_counter_cy<19>_rt
LUT1 		XLXI_865/U1/Mcount_counter_cy<18>_rt
LUT1 		XLXI_865/U1/Mcount_counter_cy<17>_rt
LUT1 		XLXI_865/U1/Mcount_counter_cy<16>_rt
LUT1 		XLXI_865/U1/Mcount_counter_cy<15>_rt
LUT1 		XLXI_865/U1/Mcount_counter_cy<14>_rt
LUT1 		XLXI_865/U1/Mcount_counter_cy<13>_rt
LUT1 		XLXI_865/U1/Mcount_counter_cy<12>_rt
LUT1 		XLXI_865/U1/Mcount_counter_cy<11>_rt
LUT1 		XLXI_865/U1/Mcount_counter_cy<10>_rt
LUT1 		XLXI_865/U1/Mcount_counter_cy<9>_rt
LUT1 		XLXI_865/U1/Mcount_counter_cy<8>_rt
LUT1 		XLXI_865/U1/Mcount_counter_cy<7>_rt
LUT1 		XLXI_865/U1/Mcount_counter_cy<6>_rt
LUT1 		XLXI_865/U1/Mcount_counter_cy<5>_rt
LUT1 		XLXI_865/U1/Mcount_counter_cy<4>_rt
LUT1 		XLXI_865/U1/Mcount_counter_cy<3>_rt
LUT1 		XLXI_865/U1/Mcount_counter_cy<2>_rt
LUT1 		XLXI_865/U1/Mcount_counter_cy<1>_rt
LUT1 		XLXI_865/Mcount_cnt_xor<16>_rt
LUT1 		XLXI_865/U1/Mcount_counter_xor<21>_rt
INV 		XLXI_865/EppWRITE_inv1_INV_0
LUT1 		XLXI_309/blk00000001/blk00000034
LUT1 		XLXI_309/blk00000001/blk00000035
LUT1 		XLXI_309/blk00000001/blk00000036
LUT1 		XLXI_309/blk00000001/blk00000037
LUT1 		XLXI_309/blk00000001/blk00000038
LUT1 		XLXI_309/blk00000001/blk00000039
LUT1 		XLXI_309/blk00000001/blk0000003a
LUT1 		XLXI_309/blk00000001/blk0000003b
LUT1 		XLXI_309/blk00000001/blk0000003c
LUT1 		XLXI_309/blk00000001/blk0000003d
LUT1 		XLXI_309/blk00000001/blk0000003e
LUT1 		XLXI_309/blk00000001/blk0000003f
LUT1 		XLXI_309/blk00000001/blk00000040
LUT1 		XLXI_1/XLXI_1/XLXI_3/blk00000001/blk0000000c
XNOR2 		XLXI_872/XLXI_51/XLXI_1/XLXI_10
LUT3 		XLXI_872/XLXI_51/XLXI_1/XLXI_30/Mmux_O11

Section 6 - IOB Properties
--------------------------

+---------------------------------------------------------------------------------------------------------------------------------------------------------+
| IOB Name                           | Type             | Direction | IO Standard          | Diff  | Drive    | Slew | Reg (s)      | Resistor | IOB      |
|                                    |                  |           |                      | Term  | Strength | Rate |              |          | Delay    |
+---------------------------------------------------------------------------------------------------------------------------------------------------------+
| DB<0>                              | IOB              | BIDIR     | LVCMOS33             |       | 12       | SLOW |              |          |          |
| DB<1>                              | IOB              | BIDIR     | LVCMOS33             |       | 12       | SLOW |              |          |          |
| DB<2>                              | IOB              | BIDIR     | LVCMOS33             |       | 12       | SLOW |              |          |          |
| DB<3>                              | IOB              | BIDIR     | LVCMOS33             |       | 12       | SLOW |              |          |          |
| DB<4>                              | IOB              | BIDIR     | LVCMOS33             |       | 12       | SLOW |              |          |          |
| DB<5>                              | IOB              | BIDIR     | LVCMOS33             |       | 12       | SLOW |              |          |          |
| DB<6>                              | IOB              | BIDIR     | LVCMOS33             |       | 12       | SLOW |              |          |          |
| DB<7>                              | IOB              | BIDIR     | LVCMOS33             |       | 12       | SLOW |              |          |          |
| EppASTB                            | IOB              | INPUT     | LVCMOS33             |       |          |      |              |          |          |
| EppDSTB                            | IOB              | INPUT     | LVCMOS33             |       |          |      |              |          |          |
| EppWAIT                            | IOB              | OUTPUT    | LVCMOS33             |       | 12       | SLOW |              |          |          |
| EppWRITE                           | IOB              | INPUT     | LVCMOS33             |       |          |      |              |          |          |
| anodo_pad<0>                       | IOB              | OUTPUT    | LVCMOS33             |       | 12       | SLOW |              |          |          |
| anodo_pad<1>                       | IOB              | OUTPUT    | LVCMOS33             |       | 12       | SLOW |              |          |          |
| anodo_pad<2>                       | IOB              | OUTPUT    | LVCMOS33             |       | 12       | SLOW |              |          |          |
| anodo_pad<3>                       | IOB              | OUTPUT    | LVCMOS33             |       | 12       | SLOW |              |          |          |
| boton_aba_pad                      | IOB              | INPUT     | LVCMOS33             |       |          |      |              |          |          |
| boton_arr_pad                      | IOB              | INPUT     | LVCMOS33             |       |          |      |              |          |          |
| boton_der_pad                      | IOB              | INPUT     | LVCMOS33             |       |          |      |              |          |          |
| boton_izq_pad                      | IOB              | INPUT     | LVCMOS33             |       |          |      |              |          |          |
| ce_display_neg_pad<1>              | IOB              | OUTPUT    | LVCMOS33             |       | 12       | SLOW |              |          |          |
| ce_display_neg_pad<2>              | IOB              | OUTPUT    | LVCMOS33             |       | 12       | SLOW |              |          |          |
| ce_display_neg_pad<3>              | IOB              | OUTPUT    | LVCMOS33             |       | 12       | SLOW |              |          |          |
| ce_display_neg_pad<4>              | IOB              | OUTPUT    | LVCMOS33             |       | 12       | SLOW |              |          |          |
| ck_100MHz_pad                      | IOB              | INPUT     | LVCMOS33             |       |          |      |              |          |          |
| ck_display_externo_pad             | IOB              | OUTPUT    | LVCMOS33             |       | 12       | SLOW | ODDR         |          |          |
| col_pad<1>                         | IOB              | INPUT     | LVCMOS33             |       |          |      | IFF          |          |          |
| col_pad<2>                         | IOB              | INPUT     | LVCMOS33             |       |          |      | IFF          |          |          |
| col_pad<3>                         | IOB              | INPUT     | LVCMOS33             |       |          |      | IFF          |          |          |
| col_pad<4>                         | IOB              | INPUT     | LVCMOS33             |       |          |      | IFF          |          |          |
| display_pad<0>                     | IOB              | OUTPUT    | LVCMOS33             |       | 12       | SLOW |              |          |          |
| display_pad<1>                     | IOB              | OUTPUT    | LVCMOS33             |       | 12       | SLOW |              |          |          |
| display_pad<2>                     | IOB              | OUTPUT    | LVCMOS33             |       | 12       | SLOW |              |          |          |
| display_pad<3>                     | IOB              | OUTPUT    | LVCMOS33             |       | 12       | SLOW |              |          |          |
| display_pad<4>                     | IOB              | OUTPUT    | LVCMOS33             |       | 12       | SLOW |              |          |          |
| display_pad<5>                     | IOB              | OUTPUT    | LVCMOS33             |       | 12       | SLOW |              |          |          |
| display_pad<6>                     | IOB              | OUTPUT    | LVCMOS33             |       | 12       | SLOW |              |          |          |
| display_pad<7>                     | IOB              | OUTPUT    | LVCMOS33             |       | 12       | SLOW |              |          |          |
| fila_pad<1>                        | IOB              | OUTPUT    | LVCMOS33             |       | 12       | SLOW |              | PULLDOWN |          |
| fila_pad<2>                        | IOB              | OUTPUT    | LVCMOS33             |       | 12       | SLOW |              | PULLDOWN |          |
| fila_pad<3>                        | IOB              | OUTPUT    | LVCMOS33             |       | 12       | SLOW |              | PULLDOWN |          |
| fila_pad<4>                        | IOB              | OUTPUT    | LVCMOS33             |       | 12       | SLOW |              | PULLDOWN |          |
| led_pad<0>                         | IOB              | OUTPUT    | LVCMOS33             |       | 12       | SLOW |              |          |          |
| led_pad<1>                         | IOB              | OUTPUT    | LVCMOS33             |       | 12       | SLOW |              |          |          |
| led_pad<2>                         | IOB              | OUTPUT    | LVCMOS33             |       | 12       | SLOW |              |          |          |
| led_pad<3>                         | IOB              | OUTPUT    | LVCMOS33             |       | 12       | SLOW |              |          |          |
| led_pad<4>                         | IOB              | OUTPUT    | LVCMOS33             |       | 12       | SLOW |              |          |          |
| led_pad<5>                         | IOB              | OUTPUT    | LVCMOS33             |       | 12       | SLOW |              |          |          |
| led_pad<6>                         | IOB              | OUTPUT    | LVCMOS33             |       | 12       | SLOW |              |          |          |
| led_pad<7>                         | IOB              | OUTPUT    | LVCMOS33             |       | 12       | SLOW |              |          |          |
| reset_pad                          | IOB              | INPUT     | LVCMOS33             |       |          |      |              |          |          |
| seg_pad<0>                         | IOB              | OUTPUT    | LVCMOS33             |       | 12       | SLOW |              |          |          |
| seg_pad<1>                         | IOB              | OUTPUT    | LVCMOS33             |       | 12       | SLOW |              |          |          |
| seg_pad<2>                         | IOB              | OUTPUT    | LVCMOS33             |       | 12       | SLOW |              |          |          |
| seg_pad<3>                         | IOB              | OUTPUT    | LVCMOS33             |       | 12       | SLOW |              |          |          |
| seg_pad<4>                         | IOB              | OUTPUT    | LVCMOS33             |       | 12       | SLOW |              |          |          |
| seg_pad<5>                         | IOB              | OUTPUT    | LVCMOS33             |       | 12       | SLOW |              |          |          |
| seg_pad<6>                         | IOB              | OUTPUT    | LVCMOS33             |       | 12       | SLOW |              |          |          |
| seg_pad<7>                         | IOB              | OUTPUT    | LVCMOS33             |       | 12       | SLOW |              |          |          |
| signo_sal_pad                      | IOB              | OUTPUT    | LVCMOS33             |       | 12       | SLOW |              |          |          |
| sw_pad<0>                          | IOB              | INPUT     | LVCMOS33             |       |          |      | IFF          |          |          |
| sw_pad<1>                          | IOB              | INPUT     | LVCMOS33             |       |          |      |              |          |          |
| sw_pad<2>                          | IOB              | INPUT     | LVCMOS33             |       |          |      |              |          |          |
| sw_pad<3>                          | IOB              | INPUT     | LVCMOS33             |       |          |      |              |          |          |
| sw_pad<4>                          | IOB              | INPUT     | LVCMOS33             |       |          |      |              |          |          |
| sw_pad<5>                          | IOB              | INPUT     | LVCMOS33             |       |          |      |              |          |          |
| sw_pad<6>                          | IOB              | INPUT     | LVCMOS33             |       |          |      |              |          |          |
| sw_pad<7>                          | IOB              | INPUT     | LVCMOS33             |       |          |      |              |          |          |
| uart_rx_pad                        | IOB              | INPUT     | LVCMOS33             |       |          |      |              |          |          |
| uart_tx_pad                        | IOB              | OUTPUT    | LVCMOS33             |       | 12       | SLOW |              |          |          |
+---------------------------------------------------------------------------------------------------------------------------------------------------------+

Section 7 - RPMs
----------------

Section 8 - Guide Report
------------------------
Guide not run on this design.

Section 9 - Area Group and Partition Summary
--------------------------------------------

Partition Implementation Status
-------------------------------

  No Partitions were found in this design.

-------------------------------

Area Group Information
----------------------

  No area groups were found in this design.

----------------------

Section 10 - Timing Report
--------------------------
A logic-level (pre-route) timing report can be generated by using Xilinx static
timing analysis tools, Timing Analyzer (GUI) or TRCE (command line), with the
mapped NCD and PCF files. Please note that this timing report will be generated
using estimated delay information. For accurate numbers, please generate a
timing report with the post Place and Route NCD file.

For more information about the Timing Analyzer, consult the Xilinx Timing
Analyzer Reference Manual; for more information about TRCE, consult the Xilinx
Command Line Tools User Guide "TRACE" chapter.

Section 11 - Configuration String Details
-----------------------------------------
DCM "XLXI_306/dcm_sp_inst":
CLKDV_DIVIDE:10.0
CLKIN_DIVIDE_BY_2:TRUE
CLKOUT_PHASE_SHIFT:NONE
CLK_FEEDBACK:2X
DESKEW_ADJUST:5
DFS_FREQUENCY_MODE:LOW
DLL_FREQUENCY_MODE:LOW
DSS_MODE:NONE
DUTY_CYCLE_CORRECTION:TRUE
STARTUP_WAIT:FALSE
VERY_HIGH_FREQUENCY:FALSE
CLKFX_DIVIDE = 20
CLKFX_MULTIPLY = 2
CLKIN_PERIOD = 10.000000
PHASE_SHIFT = 0



Section 12 - Control Set Information
------------------------------------
+----------------------------------------------------------------------------------------------------------------------------------------------------+
| Clock Signal      | Reset Signal                       | Set Signal | Enable Signal                            | Slice Load Count | Bel Load Count |
+----------------------------------------------------------------------------------------------------------------------------------------------------+
| EppASTB_IBUF_BUFG |                                    |            | XLXI_865/EppWRITE_inv                    | 2                | 8              |
+----------------------------------------------------------------------------------------------------------------------------------------------------+
| EppDSTB_IBUF_BUFG |                                    |            | XLXI_865/_n0123_inv                      | 2                | 8              |
| EppDSTB_IBUF_BUFG |                                    |            | XLXI_865/_n0129_inv                      | 2                | 8              |
+----------------------------------------------------------------------------------------------------------------------------------------------------+
| ck_100MHz         |                                    |            |                                          | 23               | 55             |
| ck_100MHz         |                                    |            | XLXI_865/U1/flanco_bajada                | 6                | 22             |
| ck_100MHz         |                                    |            | XLXI_865/U1/flanco_subida                | 6                | 22             |
| ck_100MHz         |                                    |            | XLXI_872/XLXI_3/ce_carga_cifra           | 1                | 4              |
| ck_100MHz         |                                    |            | XLXI_872/XLXI_42/XLXI_30/ce_carga_salida | 4                | 16             |
| ck_100MHz         |                                    |            | XLXI_872/XLXI_42/XLXI_30/ce_sum_res      | 4                | 16             |
| ck_100MHz         |                                    |            | XLXI_872/XLXI_42/XLXI_30/multip_ok       | 4                | 16             |
| ck_100MHz         |                                    |            | XLXI_872/XLXI_42/ce_multip_ret           | 4                | 16             |
| ck_100MHz         |                                    |            | XLXI_872/XLXI_49/XLXI_123/ce_total       | 4                | 16             |
| ck_100MHz         |                                    |            | XLXI_872/XLXI_51/XLXI_124/ce_reg_salida  | 5                | 31             |
| ck_100MHz         |                                    |            | XLXI_872/letra_a                         | 1                | 8              |
| ck_100MHz         | XLXI_865/U1/flanco_subida          |            |                                          | 6                | 22             |
| ck_100MHz         | XLXI_865/U1/limite_led_AND_147_o   |            |                                          | 2                | 4              |
| ck_100MHz         | XLXI_872/XLXI_42/XLXI_30/multip_ok |            | XLXI_872/carga_cifra                     | 2                | 8              |
| ck_100MHz         | XLXI_872/XLXI_42/XLXI_30/multip_ok |            | XLXI_872/dato_nuevo                      | 4                | 32             |
| ck_100MHz         | XLXI_872/XLXI_49/XLXI_1/init       |            |                                          | 1                | 4              |
| ck_100MHz         | XLXI_872/XLXI_49/XLXI_2/init       |            |                                          | 1                | 4              |
| ck_100MHz         | XLXI_872/XLXI_49/XLXI_3/init       |            |                                          | 1                | 4              |
| ck_100MHz         | XLXI_872/XLXI_49/XLXI_92/init      |            |                                          | 2                | 4              |
| ck_100MHz         | XLXI_872/XLXI_51/XLXI_1/init       |            |                                          | 1                | 3              |
| ck_100MHz         | XLXI_872/XLXI_51/XLXI_2/init       |            |                                          | 1                | 4              |
| ck_100MHz         | XLXI_872/XLXI_51/XLXI_3/init       |            |                                          | 1                | 4              |
| ck_100MHz         | XLXI_872/XLXI_51/XLXI_92/init      |            |                                          | 2                | 4              |
| ck_100MHz         | n0021<0>                           |            |                                          | 12               | 18             |
| ck_100MHz         | n0021<0>                           |            | XLXI_872/XLXI_42/XLXI_30/_n0054_inv      | 1                | 3              |
| ck_100MHz         | n0021<0>                           |            | XLXI_872/XLXI_42/XLXI_30/multip_ok       | 1                | 1              |
| ck_100MHz         | n0021<0>                           |            | XLXI_872/XLXI_49/XLXI_124/_n0061_inv     | 1                | 5              |
+----------------------------------------------------------------------------------------------------------------------------------------------------+
| ck_300Hz          |                                    |            |                                          | 3                | 9              |
| ck_300Hz          |                                    |            | XLXI_1/XLXI_1/XLXN_13                    | 2                | 4              |
| ck_300Hz          |                                    |            | XLXI_1/XLXI_1/XLXN_45                    | 1                | 4              |
| ck_300Hz          |                                    |            | XLXI_1/XLXI_1/XLXN_61                    | 2                | 4              |
| ck_300Hz          |                                    |            | XLXI_1/XLXI_1/XLXN_77                    | 1                | 4              |
| ck_300Hz          |                                    |            | XLXI_1/XLXI_1/ce_cuenta                  | 2                | 4              |
| ck_300Hz          |                                    |            | XLXI_1/XLXI_39/ce_tecla_pulsada          | 2                | 4              |
+----------------------------------------------------------------------------------------------------------------------------------------------------+
| ck_5MHz           | XLXN_1                             |            |                                          | 4                | 14             |
+----------------------------------------------------------------------------------------------------------------------------------------------------+

Section 13 - Utilization by Hierarchy
-------------------------------------
+--------------------------------------------------------------------------------------------------------------------------------------------------------------------------------------------------------------------+
| Module             | Partition | Slices*       | Slice Reg     | LUTs          | LUTRAM        | BRAM/FIFO | DSP48A1 | BUFG  | BUFIO | BUFR  | DCM   | PLL_ADV   | Full Hierarchical Name                          |
+--------------------------------------------------------------------------------------------------------------------------------------------------------------------------------------------------------------------+
| prac3_top/         |           | 3/305         | 0/417         | 5/398         | 0/0           | 0/0       | 0/1     | 4/7   | 0/0   | 0/0   | 0/1   | 0/0       | prac3_top                                       |
| +XLXI_1            |           | 0/26          | 0/33          | 0/24          | 0/0           | 0/0       | 0/0     | 0/0   | 0/0   | 0/0   | 0/0   | 0/0       | prac3_top/XLXI_1                                |
| ++XLXI_1           |           | 3/12          | 0/23          | 5/10          | 0/0           | 0/0       | 0/0     | 0/0   | 0/0   | 0/0   | 0/0   | 0/0       | prac3_top/XLXI_1/XLXI_1                         |
| +++XLXI_1          |           | 2/2           | 4/4           | 0/0           | 0/0           | 0/0       | 0/0     | 0/0   | 0/0   | 0/0   | 0/0   | 0/0       | prac3_top/XLXI_1/XLXI_1/XLXI_1                  |
| +++XLXI_12         |           | 2/2           | 4/4           | 0/0           | 0/0           | 0/0       | 0/0     | 0/0   | 0/0   | 0/0   | 0/0   | 0/0       | prac3_top/XLXI_1/XLXI_1/XLXI_12                 |
| +++XLXI_15         |           | 1/1           | 4/4           | 1/1           | 0/0           | 0/0       | 0/0     | 0/0   | 0/0   | 0/0   | 0/0   | 0/0       | prac3_top/XLXI_1/XLXI_1/XLXI_15                 |
| +++XLXI_2          |           | 2/2           | 4/4           | 0/0           | 0/0           | 0/0       | 0/0     | 0/0   | 0/0   | 0/0   | 0/0   | 0/0       | prac3_top/XLXI_1/XLXI_1/XLXI_2                  |
| +++XLXI_3          |           | 0/1           | 0/3           | 0/3           | 0/0           | 0/0       | 0/0     | 0/0   | 0/0   | 0/0   | 0/0   | 0/0       | prac3_top/XLXI_1/XLXI_1/XLXI_3                  |
| ++++blk00000001    |           | 1/1           | 3/3           | 3/3           | 0/0           | 0/0       | 0/0     | 0/0   | 0/0   | 0/0   | 0/0   | 0/0       | prac3_top/XLXI_1/XLXI_1/XLXI_3/blk00000001      |
| +++XLXI_9          |           | 1/1           | 4/4           | 1/1           | 0/0           | 0/0       | 0/0     | 0/0   | 0/0   | 0/0   | 0/0   | 0/0       | prac3_top/XLXI_1/XLXI_1/XLXI_9                  |
| ++XLXI_39          |           | 1/10          | 1/6           | 1/14          | 0/0           | 0/0       | 0/0     | 0/0   | 0/0   | 0/0   | 0/0   | 0/0       | prac3_top/XLXI_1/XLXI_39                        |
| +++XLXI_1          |           | 1/1           | 0/0           | 2/2           | 0/0           | 0/0       | 0/0     | 0/0   | 0/0   | 0/0   | 0/0   | 0/0       | prac3_top/XLXI_1/XLXI_39/XLXI_1                 |
| +++XLXI_10         |           | 2/2           | 4/4           | 0/0           | 0/0           | 0/0       | 0/0     | 0/0   | 0/0   | 0/0   | 0/0   | 0/0       | prac3_top/XLXI_1/XLXI_39/XLXI_10                |
| +++XLXI_13         |           | 1/1           | 0/0           | 2/2           | 0/0           | 0/0       | 0/0     | 0/0   | 0/0   | 0/0   | 0/0   | 0/0       | prac3_top/XLXI_1/XLXI_39/XLXI_13                |
| +++XLXI_14         |           | 1/1           | 0/0           | 2/2           | 0/0           | 0/0       | 0/0     | 0/0   | 0/0   | 0/0   | 0/0   | 0/0       | prac3_top/XLXI_1/XLXI_39/XLXI_14                |
| +++XLXI_3          |           | 1/1           | 0/0           | 2/2           | 0/0           | 0/0       | 0/0     | 0/0   | 0/0   | 0/0   | 0/0   | 0/0       | prac3_top/XLXI_1/XLXI_39/XLXI_3                 |
| +++XLXI_4          |           | 1/1           | 0/0           | 2/2           | 0/0           | 0/0       | 0/0     | 0/0   | 0/0   | 0/0   | 0/0   | 0/0       | prac3_top/XLXI_1/XLXI_39/XLXI_4                 |
| +++XLXI_41         |           | 1/1           | 1/1           | 1/1           | 0/0           | 0/0       | 0/0     | 0/0   | 0/0   | 0/0   | 0/0   | 0/0       | prac3_top/XLXI_1/XLXI_39/XLXI_41                |
| +++XLXI_5          |           | 1/1           | 0/0           | 2/2           | 0/0           | 0/0       | 0/0     | 0/0   | 0/0   | 0/0   | 0/0   | 0/0       | prac3_top/XLXI_1/XLXI_39/XLXI_5                 |
| ++XLXI_5           |           | 1/1           | 1/1           | 0/0           | 0/0           | 0/0       | 0/0     | 0/0   | 0/0   | 0/0   | 0/0   | 0/0       | prac3_top/XLXI_1/XLXI_5                         |
| ++XLXI_6           |           | 1/1           | 1/1           | 0/0           | 0/0           | 0/0       | 0/0     | 0/0   | 0/0   | 0/0   | 0/0   | 0/0       | prac3_top/XLXI_1/XLXI_6                         |
| ++XLXI_7           |           | 1/1           | 1/1           | 0/0           | 0/0           | 0/0       | 0/0     | 0/0   | 0/0   | 0/0   | 0/0   | 0/0       | prac3_top/XLXI_1/XLXI_7                         |
| ++XLXI_8           |           | 1/1           | 1/1           | 0/0           | 0/0           | 0/0       | 0/0     | 0/0   | 0/0   | 0/0   | 0/0   | 0/0       | prac3_top/XLXI_1/XLXI_8                         |
| +XLXI_279_1        |           | 0/0           | 0/0           | 0/0           | 0/0           | 0/0       | 0/0     | 0/0   | 0/0   | 0/0   | 0/0   | 0/0       | prac3_top/XLXI_279_1                            |
| +XLXI_279_2        |           | 0/0           | 0/0           | 0/0           | 0/0           | 0/0       | 0/0     | 0/0   | 0/0   | 0/0   | 0/0   | 0/0       | prac3_top/XLXI_279_2                            |
| +XLXI_279_3        |           | 0/0           | 0/0           | 0/0           | 0/0           | 0/0       | 0/0     | 0/0   | 0/0   | 0/0   | 0/0   | 0/0       | prac3_top/XLXI_279_3                            |
| +XLXI_279_4        |           | 0/0           | 0/0           | 0/0           | 0/0           | 0/0       | 0/0     | 0/0   | 0/0   | 0/0   | 0/0   | 0/0       | prac3_top/XLXI_279_4                            |
| +XLXI_306          |           | 0/0           | 0/0           | 0/0           | 0/0           | 0/0       | 0/0     | 3/3   | 0/0   | 0/0   | 1/1   | 0/0       | prac3_top/XLXI_306                              |
| +XLXI_309          |           | 0/4           | 0/14          | 0/14          | 0/0           | 0/0       | 0/0     | 0/0   | 0/0   | 0/0   | 0/0   | 0/0       | prac3_top/XLXI_309                              |
| ++blk00000001      |           | 4/4           | 14/14         | 14/14         | 0/0           | 0/0       | 0/0     | 0/0   | 0/0   | 0/0   | 0/0   | 0/0       | prac3_top/XLXI_309/blk00000001                  |
| +XLXI_387          |           | 0/0           | 0/0           | 0/0           | 0/0           | 0/0       | 0/0     | 0/0   | 0/0   | 0/0   | 0/0   | 0/0       | prac3_top/XLXI_387                              |
| +XLXI_865          |           | 32/87         | 41/114        | 64/175        | 0/0           | 0/0       | 0/0     | 0/0   | 0/0   | 0/0   | 0/0   | 0/0       | prac3_top/XLXI_865                              |
| ++U1               |           | 21/55         | 73/73         | 32/111        | 0/0           | 0/0       | 0/0     | 0/0   | 0/0   | 0/0   | 0/0   | 0/0       | prac3_top/XLXI_865/U1                           |
| +++U1              |           | 27/34         | 0/0           | 65/79         | 0/0           | 0/0       | 0/0     | 0/0   | 0/0   | 0/0   | 0/0   | 0/0       | prac3_top/XLXI_865/U1/U1                        |
| ++++U1             |           | 7/7           | 0/0           | 14/14         | 0/0           | 0/0       | 0/0     | 0/0   | 0/0   | 0/0   | 0/0   | 0/0       | prac3_top/XLXI_865/U1/U1/U1                     |
| +XLXI_867          |           | 0/12          | 0/11          | 0/3           | 0/0           | 0/0       | 0/0     | 0/0   | 0/0   | 0/0   | 0/0   | 0/0       | prac3_top/XLXI_867                              |
| ++XLXI_10          |           | 2/2           | 2/2           | 0/0           | 0/0           | 0/0       | 0/0     | 0/0   | 0/0   | 0/0   | 0/0   | 0/0       | prac3_top/XLXI_867/XLXI_10                      |
| ++XLXI_17_0        |           | 2/2           | 2/2           | 0/0           | 0/0           | 0/0       | 0/0     | 0/0   | 0/0   | 0/0   | 0/0   | 0/0       | prac3_top/XLXI_867/XLXI_17_0                    |
| ++XLXI_17_1        |           | 2/2           | 2/2           | 1/1           | 0/0           | 0/0       | 0/0     | 0/0   | 0/0   | 0/0   | 0/0   | 0/0       | prac3_top/XLXI_867/XLXI_17_1                    |
| ++XLXI_17_2        |           | 2/2           | 2/2           | 0/0           | 0/0           | 0/0       | 0/0     | 0/0   | 0/0   | 0/0   | 0/0   | 0/0       | prac3_top/XLXI_867/XLXI_17_2                    |
| ++XLXI_17_3        |           | 2/2           | 2/2           | 1/1           | 0/0           | 0/0       | 0/0     | 0/0   | 0/0   | 0/0   | 0/0   | 0/0       | prac3_top/XLXI_867/XLXI_17_3                    |
| ++XLXI_9           |           | 2/2           | 1/1           | 1/1           | 0/0           | 0/0       | 0/0     | 0/0   | 0/0   | 0/0   | 0/0   | 0/0       | prac3_top/XLXI_867/XLXI_9                       |
| +XLXI_872          |           | 1/159         | 0/245         | 1/161         | 0/0           | 0/0       | 0/1     | 0/0   | 0/0   | 0/0   | 0/0   | 0/0       | prac3_top/XLXI_872                              |
| ++XLXI_3           |           | 3/4           | 3/7           | 3/3           | 0/0           | 0/0       | 0/0     | 0/0   | 0/0   | 0/0   | 0/0   | 0/0       | prac3_top/XLXI_872/XLXI_3                       |
| +++XLXI_14         |           | 1/1           | 4/4           | 0/0           | 0/0           | 0/0       | 0/0     | 0/0   | 0/0   | 0/0   | 0/0   | 0/0       | prac3_top/XLXI_872/XLXI_3/XLXI_14               |
| ++XLXI_42          |           | 1/36          | 1/62          | 0/41          | 0/0           | 0/0       | 0/1     | 0/0   | 0/0   | 0/0   | 0/0   | 0/0       | prac3_top/XLXI_872/XLXI_42                      |
| +++XLXI_30         |           | 6/6           | 13/13         | 8/8           | 0/0           | 0/0       | 0/0     | 0/0   | 0/0   | 0/0   | 0/0   | 0/0       | prac3_top/XLXI_872/XLXI_42/XLXI_30              |
| +++XLXI_31         |           | 0/0           | 0/0           | 0/0           | 0/0           | 0/0       | 0/1     | 0/0   | 0/0   | 0/0   | 0/0   | 0/0       | prac3_top/XLXI_872/XLXI_42/XLXI_31              |
| ++++blk00000001    |           | 0/0           | 0/0           | 0/0           | 0/0           | 0/0       | 1/1     | 0/0   | 0/0   | 0/0   | 0/0   | 0/0       | prac3_top/XLXI_872/XLXI_42/XLXI_31/blk00000001  |
| +++XLXI_32         |           | 4/4           | 16/16         | 0/0           | 0/0           | 0/0       | 0/0     | 0/0   | 0/0   | 0/0   | 0/0   | 0/0       | prac3_top/XLXI_872/XLXI_42/XLXI_32              |
| +++XLXI_33         |           | 4/4           | 16/16         | 0/0           | 0/0           | 0/0       | 0/0     | 0/0   | 0/0   | 0/0   | 0/0   | 0/0       | prac3_top/XLXI_872/XLXI_42/XLXI_33              |
| +++XLXI_34         |           | 0/5           | 0/16          | 0/17          | 0/0           | 0/0       | 0/0     | 0/0   | 0/0   | 0/0   | 0/0   | 0/0       | prac3_top/XLXI_872/XLXI_42/XLXI_34              |
| ++++blk00000001    |           | 5/5           | 16/16         | 17/17         | 0/0           | 0/0       | 0/0     | 0/0   | 0/0   | 0/0   | 0/0   | 0/0       | prac3_top/XLXI_872/XLXI_42/XLXI_34/blk00000001  |
| +++XLXI_6_0        |           | 1/1           | 0/0           | 1/1           | 0/0           | 0/0       | 0/0     | 0/0   | 0/0   | 0/0   | 0/0   | 0/0       | prac3_top/XLXI_872/XLXI_42/XLXI_6_0             |
| +++XLXI_6_1        |           | 1/1           | 0/0           | 1/1           | 0/0           | 0/0       | 0/0     | 0/0   | 0/0   | 0/0   | 0/0   | 0/0       | prac3_top/XLXI_872/XLXI_42/XLXI_6_1             |
| +++XLXI_6_2        |           | 1/1           | 0/0           | 1/1           | 0/0           | 0/0       | 0/0     | 0/0   | 0/0   | 0/0   | 0/0   | 0/0       | prac3_top/XLXI_872/XLXI_42/XLXI_6_2             |
| +++XLXI_6_3        |           | 1/1           | 0/0           | 1/1           | 0/0           | 0/0       | 0/0     | 0/0   | 0/0   | 0/0   | 0/0   | 0/0       | prac3_top/XLXI_872/XLXI_42/XLXI_6_3             |
| +++XLXI_6_4        |           | 1/1           | 0/0           | 1/1           | 0/0           | 0/0       | 0/0     | 0/0   | 0/0   | 0/0   | 0/0   | 0/0       | prac3_top/XLXI_872/XLXI_42/XLXI_6_4             |
| +++XLXI_6_5        |           | 1/1           | 0/0           | 1/1           | 0/0           | 0/0       | 0/0     | 0/0   | 0/0   | 0/0   | 0/0   | 0/0       | prac3_top/XLXI_872/XLXI_42/XLXI_6_5             |
| +++XLXI_6_6        |           | 1/1           | 0/0           | 1/1           | 0/0           | 0/0       | 0/0     | 0/0   | 0/0   | 0/0   | 0/0   | 0/0       | prac3_top/XLXI_872/XLXI_42/XLXI_6_6             |
| +++XLXI_6_7        |           | 1/1           | 0/0           | 1/1           | 0/0           | 0/0       | 0/0     | 0/0   | 0/0   | 0/0   | 0/0   | 0/0       | prac3_top/XLXI_872/XLXI_42/XLXI_6_7             |
| +++XLXI_9_0        |           | 1/1           | 0/0           | 1/1           | 0/0           | 0/0       | 0/0     | 0/0   | 0/0   | 0/0   | 0/0   | 0/0       | prac3_top/XLXI_872/XLXI_42/XLXI_9_0             |
| +++XLXI_9_1        |           | 1/1           | 0/0           | 1/1           | 0/0           | 0/0       | 0/0     | 0/0   | 0/0   | 0/0   | 0/0   | 0/0       | prac3_top/XLXI_872/XLXI_42/XLXI_9_1             |
| +++XLXI_9_2        |           | 1/1           | 0/0           | 1/1           | 0/0           | 0/0       | 0/0     | 0/0   | 0/0   | 0/0   | 0/0   | 0/0       | prac3_top/XLXI_872/XLXI_42/XLXI_9_2             |
| +++XLXI_9_3        |           | 1/1           | 0/0           | 1/1           | 0/0           | 0/0       | 0/0     | 0/0   | 0/0   | 0/0   | 0/0   | 0/0       | prac3_top/XLXI_872/XLXI_42/XLXI_9_3             |
| +++XLXI_9_4        |           | 1/1           | 0/0           | 1/1           | 0/0           | 0/0       | 0/0     | 0/0   | 0/0   | 0/0   | 0/0   | 0/0       | prac3_top/XLXI_872/XLXI_42/XLXI_9_4             |
| +++XLXI_9_5        |           | 1/1           | 0/0           | 1/1           | 0/0           | 0/0       | 0/0     | 0/0   | 0/0   | 0/0   | 0/0   | 0/0       | prac3_top/XLXI_872/XLXI_42/XLXI_9_5             |
| +++XLXI_9_6        |           | 1/1           | 0/0           | 1/1           | 0/0           | 0/0       | 0/0     | 0/0   | 0/0   | 0/0   | 0/0   | 0/0       | prac3_top/XLXI_872/XLXI_42/XLXI_9_6             |
| +++XLXI_9_7        |           | 1/1           | 0/0           | 1/1           | 0/0           | 0/0       | 0/0     | 0/0   | 0/0   | 0/0   | 0/0   | 0/0       | prac3_top/XLXI_872/XLXI_42/XLXI_9_7             |
| ++XLXI_49          |           | 4/54          | 16/59         | 4/48          | 0/0           | 0/0       | 0/0     | 0/0   | 0/0   | 0/0   | 0/0   | 0/0       | prac3_top/XLXI_872/XLXI_49                      |
| +++XLXI_1          |           | 2/5           | 4/4           | 2/5           | 0/0           | 0/0       | 0/0     | 0/0   | 0/0   | 0/0   | 0/0   | 0/0       | prac3_top/XLXI_872/XLXI_49/XLXI_1               |
| ++++XLXI_12        |           | 1/1           | 0/0           | 1/1           | 0/0           | 0/0       | 0/0     | 0/0   | 0/0   | 0/0   | 0/0   | 0/0       | prac3_top/XLXI_872/XLXI_49/XLXI_1/XLXI_12       |
| ++++XLXI_13        |           | 1/1           | 0/0           | 1/1           | 0/0           | 0/0       | 0/0     | 0/0   | 0/0   | 0/0   | 0/0   | 0/0       | prac3_top/XLXI_872/XLXI_49/XLXI_1/XLXI_13       |
| ++++XLXI_30        |           | 1/1           | 0/0           | 1/1           | 0/0           | 0/0       | 0/0     | 0/0   | 0/0   | 0/0   | 0/0   | 0/0       | prac3_top/XLXI_872/XLXI_49/XLXI_1/XLXI_30       |
| +++XLXI_123        |           | 5/21          | 16/16         | 1/17          | 0/0           | 0/0       | 0/0     | 0/0   | 0/0   | 0/0   | 0/0   | 0/0       | prac3_top/XLXI_872/XLXI_49/XLXI_123             |
| ++++XLXI_2_0       |           | 1/1           | 0/0           | 1/1           | 0/0           | 0/0       | 0/0     | 0/0   | 0/0   | 0/0   | 0/0   | 0/0       | prac3_top/XLXI_872/XLXI_49/XLXI_123/XLXI_2_0    |
| ++++XLXI_2_1       |           | 1/1           | 0/0           | 1/1           | 0/0           | 0/0       | 0/0     | 0/0   | 0/0   | 0/0   | 0/0   | 0/0       | prac3_top/XLXI_872/XLXI_49/XLXI_123/XLXI_2_1    |
| ++++XLXI_2_10      |           | 1/1           | 0/0           | 1/1           | 0/0           | 0/0       | 0/0     | 0/0   | 0/0   | 0/0   | 0/0   | 0/0       | prac3_top/XLXI_872/XLXI_49/XLXI_123/XLXI_2_10   |
| ++++XLXI_2_11      |           | 1/1           | 0/0           | 1/1           | 0/0           | 0/0       | 0/0     | 0/0   | 0/0   | 0/0   | 0/0   | 0/0       | prac3_top/XLXI_872/XLXI_49/XLXI_123/XLXI_2_11   |
| ++++XLXI_2_12      |           | 1/1           | 0/0           | 1/1           | 0/0           | 0/0       | 0/0     | 0/0   | 0/0   | 0/0   | 0/0   | 0/0       | prac3_top/XLXI_872/XLXI_49/XLXI_123/XLXI_2_12   |
| ++++XLXI_2_13      |           | 1/1           | 0/0           | 1/1           | 0/0           | 0/0       | 0/0     | 0/0   | 0/0   | 0/0   | 0/0   | 0/0       | prac3_top/XLXI_872/XLXI_49/XLXI_123/XLXI_2_13   |
| ++++XLXI_2_14      |           | 1/1           | 0/0           | 1/1           | 0/0           | 0/0       | 0/0     | 0/0   | 0/0   | 0/0   | 0/0   | 0/0       | prac3_top/XLXI_872/XLXI_49/XLXI_123/XLXI_2_14   |
| ++++XLXI_2_15      |           | 1/1           | 0/0           | 1/1           | 0/0           | 0/0       | 0/0     | 0/0   | 0/0   | 0/0   | 0/0   | 0/0       | prac3_top/XLXI_872/XLXI_49/XLXI_123/XLXI_2_15   |
| ++++XLXI_2_2       |           | 1/1           | 0/0           | 1/1           | 0/0           | 0/0       | 0/0     | 0/0   | 0/0   | 0/0   | 0/0   | 0/0       | prac3_top/XLXI_872/XLXI_49/XLXI_123/XLXI_2_2    |
| ++++XLXI_2_3       |           | 1/1           | 0/0           | 1/1           | 0/0           | 0/0       | 0/0     | 0/0   | 0/0   | 0/0   | 0/0   | 0/0       | prac3_top/XLXI_872/XLXI_49/XLXI_123/XLXI_2_3    |
| ++++XLXI_2_4       |           | 1/1           | 0/0           | 1/1           | 0/0           | 0/0       | 0/0     | 0/0   | 0/0   | 0/0   | 0/0   | 0/0       | prac3_top/XLXI_872/XLXI_49/XLXI_123/XLXI_2_4    |
| ++++XLXI_2_5       |           | 1/1           | 0/0           | 1/1           | 0/0           | 0/0       | 0/0     | 0/0   | 0/0   | 0/0   | 0/0   | 0/0       | prac3_top/XLXI_872/XLXI_49/XLXI_123/XLXI_2_5    |
| ++++XLXI_2_6       |           | 1/1           | 0/0           | 1/1           | 0/0           | 0/0       | 0/0     | 0/0   | 0/0   | 0/0   | 0/0   | 0/0       | prac3_top/XLXI_872/XLXI_49/XLXI_123/XLXI_2_6    |
| ++++XLXI_2_7       |           | 1/1           | 0/0           | 1/1           | 0/0           | 0/0       | 0/0     | 0/0   | 0/0   | 0/0   | 0/0   | 0/0       | prac3_top/XLXI_872/XLXI_49/XLXI_123/XLXI_2_7    |
| ++++XLXI_2_8       |           | 1/1           | 0/0           | 1/1           | 0/0           | 0/0       | 0/0     | 0/0   | 0/0   | 0/0   | 0/0   | 0/0       | prac3_top/XLXI_872/XLXI_49/XLXI_123/XLXI_2_8    |
| ++++XLXI_2_9       |           | 1/1           | 0/0           | 1/1           | 0/0           | 0/0       | 0/0     | 0/0   | 0/0   | 0/0   | 0/0   | 0/0       | prac3_top/XLXI_872/XLXI_49/XLXI_123/XLXI_2_9    |
| +++XLXI_124        |           | 6/6           | 11/11         | 7/7           | 0/0           | 0/0       | 0/0     | 0/0   | 0/0   | 0/0   | 0/0   | 0/0       | prac3_top/XLXI_872/XLXI_49/XLXI_124             |
| +++XLXI_2          |           | 3/6           | 4/4           | 2/5           | 0/0           | 0/0       | 0/0     | 0/0   | 0/0   | 0/0   | 0/0   | 0/0       | prac3_top/XLXI_872/XLXI_49/XLXI_2               |
| ++++XLXI_12        |           | 1/1           | 0/0           | 1/1           | 0/0           | 0/0       | 0/0     | 0/0   | 0/0   | 0/0   | 0/0   | 0/0       | prac3_top/XLXI_872/XLXI_49/XLXI_2/XLXI_12       |
| ++++XLXI_13        |           | 1/1           | 0/0           | 1/1           | 0/0           | 0/0       | 0/0     | 0/0   | 0/0   | 0/0   | 0/0   | 0/0       | prac3_top/XLXI_872/XLXI_49/XLXI_2/XLXI_13       |
| ++++XLXI_30        |           | 1/1           | 0/0           | 1/1           | 0/0           | 0/0       | 0/0     | 0/0   | 0/0   | 0/0   | 0/0   | 0/0       | prac3_top/XLXI_872/XLXI_49/XLXI_2/XLXI_30       |
| +++XLXI_3          |           | 3/6           | 4/4           | 2/5           | 0/0           | 0/0       | 0/0     | 0/0   | 0/0   | 0/0   | 0/0   | 0/0       | prac3_top/XLXI_872/XLXI_49/XLXI_3               |
| ++++XLXI_12        |           | 1/1           | 0/0           | 1/1           | 0/0           | 0/0       | 0/0     | 0/0   | 0/0   | 0/0   | 0/0   | 0/0       | prac3_top/XLXI_872/XLXI_49/XLXI_3/XLXI_12       |
| ++++XLXI_13        |           | 1/1           | 0/0           | 1/1           | 0/0           | 0/0       | 0/0     | 0/0   | 0/0   | 0/0   | 0/0   | 0/0       | prac3_top/XLXI_872/XLXI_49/XLXI_3/XLXI_13       |
| ++++XLXI_30        |           | 1/1           | 0/0           | 1/1           | 0/0           | 0/0       | 0/0     | 0/0   | 0/0   | 0/0   | 0/0   | 0/0       | prac3_top/XLXI_872/XLXI_49/XLXI_3/XLXI_30       |
| +++XLXI_92         |           | 3/6           | 4/4           | 2/5           | 0/0           | 0/0       | 0/0     | 0/0   | 0/0   | 0/0   | 0/0   | 0/0       | prac3_top/XLXI_872/XLXI_49/XLXI_92              |
| ++++XLXI_12        |           | 1/1           | 0/0           | 1/1           | 0/0           | 0/0       | 0/0     | 0/0   | 0/0   | 0/0   | 0/0   | 0/0       | prac3_top/XLXI_872/XLXI_49/XLXI_92/XLXI_12      |
| ++++XLXI_13        |           | 1/1           | 0/0           | 1/1           | 0/0           | 0/0       | 0/0     | 0/0   | 0/0   | 0/0   | 0/0   | 0/0       | prac3_top/XLXI_872/XLXI_49/XLXI_92/XLXI_13      |
| ++++XLXI_30        |           | 1/1           | 0/0           | 1/1           | 0/0           | 0/0       | 0/0     | 0/0   | 0/0   | 0/0   | 0/0   | 0/0       | prac3_top/XLXI_872/XLXI_49/XLXI_92/XLXI_30      |
| ++XLXI_51          |           | 4/25          | 15/31         | 7/27          | 0/0           | 0/0       | 0/0     | 0/0   | 0/0   | 0/0   | 0/0   | 0/0       | prac3_top/XLXI_872/XLXI_51                      |
| +++XLXI_1          |           | 2/4           | 3/3           | 2/4           | 0/0           | 0/0       | 0/0     | 0/0   | 0/0   | 0/0   | 0/0   | 0/0       | prac3_top/XLXI_872/XLXI_51/XLXI_1               |
| ++++XLXI_12        |           | 1/1           | 0/0           | 1/1           | 0/0           | 0/0       | 0/0     | 0/0   | 0/0   | 0/0   | 0/0   | 0/0       | prac3_top/XLXI_872/XLXI_51/XLXI_1/XLXI_12       |
| ++++XLXI_13        |           | 1/1           | 0/0           | 1/1           | 0/0           | 0/0       | 0/0     | 0/0   | 0/0   | 0/0   | 0/0   | 0/0       | prac3_top/XLXI_872/XLXI_51/XLXI_1/XLXI_13       |
| +++XLXI_124        |           | 1/1           | 1/1           | 1/1           | 0/0           | 0/0       | 0/0     | 0/0   | 0/0   | 0/0   | 0/0   | 0/0       | prac3_top/XLXI_872/XLXI_51/XLXI_124             |
| +++XLXI_2          |           | 2/5           | 4/4           | 2/5           | 0/0           | 0/0       | 0/0     | 0/0   | 0/0   | 0/0   | 0/0   | 0/0       | prac3_top/XLXI_872/XLXI_51/XLXI_2               |
| ++++XLXI_12        |           | 1/1           | 0/0           | 1/1           | 0/0           | 0/0       | 0/0     | 0/0   | 0/0   | 0/0   | 0/0   | 0/0       | prac3_top/XLXI_872/XLXI_51/XLXI_2/XLXI_12       |
| ++++XLXI_13        |           | 1/1           | 0/0           | 1/1           | 0/0           | 0/0       | 0/0     | 0/0   | 0/0   | 0/0   | 0/0   | 0/0       | prac3_top/XLXI_872/XLXI_51/XLXI_2/XLXI_13       |
| ++++XLXI_30        |           | 1/1           | 0/0           | 1/1           | 0/0           | 0/0       | 0/0     | 0/0   | 0/0   | 0/0   | 0/0   | 0/0       | prac3_top/XLXI_872/XLXI_51/XLXI_2/XLXI_30       |
| +++XLXI_3          |           | 3/6           | 4/4           | 2/5           | 0/0           | 0/0       | 0/0     | 0/0   | 0/0   | 0/0   | 0/0   | 0/0       | prac3_top/XLXI_872/XLXI_51/XLXI_3               |
| ++++XLXI_12        |           | 1/1           | 0/0           | 1/1           | 0/0           | 0/0       | 0/0     | 0/0   | 0/0   | 0/0   | 0/0   | 0/0       | prac3_top/XLXI_872/XLXI_51/XLXI_3/XLXI_12       |
| ++++XLXI_13        |           | 1/1           | 0/0           | 1/1           | 0/0           | 0/0       | 0/0     | 0/0   | 0/0   | 0/0   | 0/0   | 0/0       | prac3_top/XLXI_872/XLXI_51/XLXI_3/XLXI_13       |
| ++++XLXI_30        |           | 1/1           | 0/0           | 1/1           | 0/0           | 0/0       | 0/0     | 0/0   | 0/0   | 0/0   | 0/0   | 0/0       | prac3_top/XLXI_872/XLXI_51/XLXI_3/XLXI_30       |
| +++XLXI_92         |           | 2/5           | 4/4           | 2/5           | 0/0           | 0/0       | 0/0     | 0/0   | 0/0   | 0/0   | 0/0   | 0/0       | prac3_top/XLXI_872/XLXI_51/XLXI_92              |
| ++++XLXI_12        |           | 1/1           | 0/0           | 1/1           | 0/0           | 0/0       | 0/0     | 0/0   | 0/0   | 0/0   | 0/0   | 0/0       | prac3_top/XLXI_872/XLXI_51/XLXI_92/XLXI_12      |
| ++++XLXI_13        |           | 1/1           | 0/0           | 1/1           | 0/0           | 0/0       | 0/0     | 0/0   | 0/0   | 0/0   | 0/0   | 0/0       | prac3_top/XLXI_872/XLXI_51/XLXI_92/XLXI_13      |
| ++++XLXI_30        |           | 1/1           | 0/0           | 1/1           | 0/0           | 0/0       | 0/0     | 0/0   | 0/0   | 0/0   | 0/0   | 0/0       | prac3_top/XLXI_872/XLXI_51/XLXI_92/XLXI_30      |
| ++XLXI_60          |           | 5/22          | 18/18         | 0/17          | 0/0           | 0/0       | 0/0     | 0/0   | 0/0   | 0/0   | 0/0   | 0/0       | prac3_top/XLXI_872/XLXI_60                      |
| +++XLXI_173        |           | 1/1           | 0/0           | 1/1           | 0/0           | 0/0       | 0/0     | 0/0   | 0/0   | 0/0   | 0/0   | 0/0       | prac3_top/XLXI_872/XLXI_60/XLXI_173             |
| +++XLXI_187_0      |           | 1/1           | 0/0           | 1/1           | 0/0           | 0/0       | 0/0     | 0/0   | 0/0   | 0/0   | 0/0   | 0/0       | prac3_top/XLXI_872/XLXI_60/XLXI_187_0           |
| +++XLXI_187_1      |           | 1/1           | 0/0           | 1/1           | 0/0           | 0/0       | 0/0     | 0/0   | 0/0   | 0/0   | 0/0   | 0/0       | prac3_top/XLXI_872/XLXI_60/XLXI_187_1           |
| +++XLXI_187_2      |           | 1/1           | 0/0           | 1/1           | 0/0           | 0/0       | 0/0     | 0/0   | 0/0   | 0/0   | 0/0   | 0/0       | prac3_top/XLXI_872/XLXI_60/XLXI_187_2           |
| +++XLXI_187_3      |           | 1/1           | 0/0           | 1/1           | 0/0           | 0/0       | 0/0     | 0/0   | 0/0   | 0/0   | 0/0   | 0/0       | prac3_top/XLXI_872/XLXI_60/XLXI_187_3           |
| +++XLXI_189_0      |           | 1/1           | 0/0           | 1/1           | 0/0           | 0/0       | 0/0     | 0/0   | 0/0   | 0/0   | 0/0   | 0/0       | prac3_top/XLXI_872/XLXI_60/XLXI_189_0           |
| +++XLXI_189_1      |           | 1/1           | 0/0           | 1/1           | 0/0           | 0/0       | 0/0     | 0/0   | 0/0   | 0/0   | 0/0   | 0/0       | prac3_top/XLXI_872/XLXI_60/XLXI_189_1           |
| +++XLXI_189_2      |           | 1/1           | 0/0           | 1/1           | 0/0           | 0/0       | 0/0     | 0/0   | 0/0   | 0/0   | 0/0   | 0/0       | prac3_top/XLXI_872/XLXI_60/XLXI_189_2           |
| +++XLXI_189_3      |           | 1/1           | 0/0           | 1/1           | 0/0           | 0/0       | 0/0     | 0/0   | 0/0   | 0/0   | 0/0   | 0/0       | prac3_top/XLXI_872/XLXI_60/XLXI_189_3           |
| +++XLXI_190_0      |           | 1/1           | 0/0           | 1/1           | 0/0           | 0/0       | 0/0     | 0/0   | 0/0   | 0/0   | 0/0   | 0/0       | prac3_top/XLXI_872/XLXI_60/XLXI_190_0           |
| +++XLXI_190_1      |           | 1/1           | 0/0           | 1/1           | 0/0           | 0/0       | 0/0     | 0/0   | 0/0   | 0/0   | 0/0   | 0/0       | prac3_top/XLXI_872/XLXI_60/XLXI_190_1           |
| +++XLXI_190_2      |           | 1/1           | 0/0           | 1/1           | 0/0           | 0/0       | 0/0     | 0/0   | 0/0   | 0/0   | 0/0   | 0/0       | prac3_top/XLXI_872/XLXI_60/XLXI_190_2           |
| +++XLXI_190_3      |           | 1/1           | 0/0           | 1/1           | 0/0           | 0/0       | 0/0     | 0/0   | 0/0   | 0/0   | 0/0   | 0/0       | prac3_top/XLXI_872/XLXI_60/XLXI_190_3           |
| +++XLXI_191_0      |           | 1/1           | 0/0           | 1/1           | 0/0           | 0/0       | 0/0     | 0/0   | 0/0   | 0/0   | 0/0   | 0/0       | prac3_top/XLXI_872/XLXI_60/XLXI_191_0           |
| +++XLXI_191_1      |           | 1/1           | 0/0           | 1/1           | 0/0           | 0/0       | 0/0     | 0/0   | 0/0   | 0/0   | 0/0   | 0/0       | prac3_top/XLXI_872/XLXI_60/XLXI_191_1           |
| +++XLXI_191_2      |           | 1/1           | 0/0           | 1/1           | 0/0           | 0/0       | 0/0     | 0/0   | 0/0   | 0/0   | 0/0   | 0/0       | prac3_top/XLXI_872/XLXI_60/XLXI_191_2           |
| +++XLXI_191_3      |           | 1/1           | 0/0           | 1/1           | 0/0           | 0/0       | 0/0     | 0/0   | 0/0   | 0/0   | 0/0   | 0/0       | prac3_top/XLXI_872/XLXI_60/XLXI_191_3           |
| ++XLXI_61          |           | 1/1           | 1/1           | 0/0           | 0/0           | 0/0       | 0/0     | 0/0   | 0/0   | 0/0   | 0/0   | 0/0       | prac3_top/XLXI_872/XLXI_61                      |
| ++XLXI_62          |           | 2/3           | 9/9           | 2/4           | 0/0           | 0/0       | 0/0     | 0/0   | 0/0   | 0/0   | 0/0   | 0/0       | prac3_top/XLXI_872/XLXI_62                      |
| +++XLXI_3          |           | 1/1           | 0/0           | 2/2           | 0/0           | 0/0       | 0/0     | 0/0   | 0/0   | 0/0   | 0/0   | 0/0       | prac3_top/XLXI_872/XLXI_62/XLXI_3               |
| ++XLXI_64          |           | 2/2           | 8/8           | 0/0           | 0/0           | 0/0       | 0/0     | 0/0   | 0/0   | 0/0   | 0/0   | 0/0       | prac3_top/XLXI_872/XLXI_64                      |
| ++XLXI_66          |           | 5/5           | 33/33         | 3/3           | 0/0           | 0/0       | 0/0     | 0/0   | 0/0   | 0/0   | 0/0   | 0/0       | prac3_top/XLXI_872/XLXI_66                      |
| ++XLXI_67          |           | 1/6           | 1/17          | 0/17          | 0/0           | 0/0       | 0/0     | 0/0   | 0/0   | 0/0   | 0/0   | 0/0       | prac3_top/XLXI_872/XLXI_67                      |
| +++XLXI_1          |           | 0/5           | 0/16          | 0/17          | 0/0           | 0/0       | 0/0     | 0/0   | 0/0   | 0/0   | 0/0   | 0/0       | prac3_top/XLXI_872/XLXI_67/XLXI_1               |
| ++++blk00000001    |           | 5/5           | 16/16         | 17/17         | 0/0           | 0/0       | 0/0     | 0/0   | 0/0   | 0/0   | 0/0   | 0/0       | prac3_top/XLXI_872/XLXI_67/XLXI_1/blk00000001   |
| +XLXI_874          |           | 0/14          | 0/0           | 0/16          | 0/0           | 0/0       | 0/0     | 0/0   | 0/0   | 0/0   | 0/0   | 0/0       | prac3_top/XLXI_874                              |
| ++XLXI_16          |           | 4/4           | 0/0           | 4/4           | 0/0           | 0/0       | 0/0     | 0/0   | 0/0   | 0/0   | 0/0   | 0/0       | prac3_top/XLXI_874/XLXI_16                      |
| ++XLXI_38          |           | 2/2           | 0/0           | 4/4           | 0/0           | 0/0       | 0/0     | 0/0   | 0/0   | 0/0   | 0/0   | 0/0       | prac3_top/XLXI_874/XLXI_38                      |
| ++XLXI_39          |           | 4/4           | 0/0           | 4/4           | 0/0           | 0/0       | 0/0     | 0/0   | 0/0   | 0/0   | 0/0   | 0/0       | prac3_top/XLXI_874/XLXI_39                      |
| ++XLXI_40          |           | 4/4           | 0/0           | 4/4           | 0/0           | 0/0       | 0/0     | 0/0   | 0/0   | 0/0   | 0/0   | 0/0       | prac3_top/XLXI_874/XLXI_40                      |
+--------------------------------------------------------------------------------------------------------------------------------------------------------------------------------------------------------------------+

* Slices can be packed with basic elements from multiple hierarchies.
  Therefore, a slice will be counted in every hierarchical module
  that each of its packed basic elements belong to.
** For each column, there are two numbers reported <A>/<B>.
   <A> is the number of elements that belong to that specific hierarchical module.
   <B> is the total number of elements from that hierarchical module and any lower level
   hierarchical modules below.
*** The LUTRAM column counts all LUTs used as memory including RAM, ROM, and shift registers.
