Command line:
   bloque_calculo_bloque_calculo_sch_tb_isim_beh.exe
     -simmode  gui
     -simrunnum  0
     -socket  49784

Mon Dec 19 17:08:43 2022


 Elaboration Time: 0.453125 sec

 Current Memory Usage: 4851.99 Meg

 Total Signals          : 2939
 Total Nets             : 2424
 Total Signal Drivers   : 918
 Total Blocks           : 673
 Total Primitive Blocks : 611
 Total Processes        : 840
 Total Traceable Variables  : 644
 Total Scalar Nets and Variables : 4821
Total Line Count : 2597

 Total Simulation Time: 0.484375 sec

 Current Memory Usage: 4694.7 Meg

Mon Dec 19 17:16:01 2022

