Running: C:\Xilinx\14.7\ISE_DS\ISE\bin\nt64\unwrapped\fuse.exe -intstyle ise -incremental -lib secureip -o D:/Practicas/E_Digital/Practica_1A/Resultado_Votacion_Resultado_Votacion_sch_tb_isim_beh.exe -prj D:/Practicas/E_Digital/Practica_1A/Resultado_Votacion_Resultado_Votacion_sch_tb_beh.prj work.Resultado_Votacion_Resultado_Votacion_sch_tb 
ISim P.20131013 (signature 0x7708f090)
Number of CPUs detected in this system: 12
Turning on mult-threading, number of parallel sub-compilation jobs: 24 
Determining compilation order of HDL files
Parsing VHDL file "D:/Practicas/E_Digital/Practica_1A/Resultado_Votacion.vhf" into library work
Parsing VHDL file "D:/Practicas/E_Digital/Practica_1A/Resultado_Votacion_Sym.vhd" into library work
Starting static elaboration
Completed static elaboration
Compiling package standard
Compiling package std_logic_1164
Compiling package numeric_std
Compiling package std_logic_arith
Compiling package vcomponents
Compiling architecture and3_v of entity AND3 [and3_default]
Compiling architecture and4_v of entity AND4 [and4_default]
Compiling architecture or2_v of entity OR2 [or2_default]
Compiling architecture inv_v of entity INV [inv_default]
Compiling architecture behavioral of entity Resultado_Votacion [resultado_votacion_default]
Compiling architecture behavioral of entity resultado_votacion_resultado_vot...
Time Resolution for simulation is 1ps.
Compiled 16 VHDL Units
Built simulation executable D:/Practicas/E_Digital/Practica_1A/Resultado_Votacion_Resultado_Votacion_sch_tb_isim_beh.exe
Fuse Memory Usage: 52344 KB
Fuse CPU Usage: 921 ms
